-------------------------------------------------------------------------------
Test set: site.nomoreparties.stellarburgers.CreateOrderTest
-------------------------------------------------------------------------------
Tests run: 4, Failures: 1, Errors: 0, Skipped: 0, Time elapsed: 9.995 s <<< FAILURE! - in site.nomoreparties.stellarburgers.CreateOrderTest
createOrderWithoutAuthorizationTest(site.nomoreparties.stellarburgers.CreateOrderTest)  Time elapsed: 1.736 s  <<< FAILURE!
java.lang.AssertionError: 
1 expectation failed.
Expected status code <401> but was <200>.

	at site.nomoreparties.stellarburgers.CreateOrderTest.createOrderWithoutAuthorizationTest(CreateOrderTest.java:114)

