<?xml version="1.0" encoding="UTF-8"?>
<testsuite xmlns:xsi="http://www.w3.org/2001/XMLSchema-instance" xsi:noNamespaceSchemaLocation="https://maven.apache.org/surefire/maven-surefire-plugin/xsd/surefire-test-report.xsd" name="site.nomoreparties.stellarburgers.CreateOrderTest" time="9.995" tests="4" errors="0" skipped="0" failures="1">
  <properties>
[...]
</properties>
  <testcase name="createOrderWithValidIngredientsTest" classname="site.nomoreparties.stellarburgers.CreateOrderTest" time="2.256"/>
  <testcase name="createOrderWithoutAuthorizationTest" classname="site.nomoreparties.stellarburgers.CreateOrderTest" time="1.736">
    <failure message="1 expectation failed.&#10;Expected status code &lt;401&gt; but was &lt;200&gt;.&#10;" type="java.lang.AssertionError"><![CDATA[java.lang.AssertionError: 
1 expectation failed.
Expected status code <401> but was <200>.

	at site.nomoreparties.stellarburgers.CreateOrderTest.createOrderWithoutAuthorizationTest(CreateOrderTest.java:114)
]]></failure>
    <system-out><![CDATA[Request method:	POST
Request URI:	https://stellarburgers.nomoreparties.site/api/auth/register
Proxy:			<none>
Request params:	<none>
Query params:	<none>
Form params:	<none>
Path params:	<none>
Headers:		Accept=application/json, application/javascript, text/javascript, text/json
				Content-Type=application/json
Cookies:		<none>
Multiparts:		<none>
Body:
{
    "email": "0@mail.ru",
    "password": "12345",
    "name": "48Mia",
    "success": null,
    "user": null,
    "accessToken": null,
    "refreshToken": null,
    "message": null
}
HTTP/1.1 200 OK
Date: Thu, 29 Sep 2022 14:47:22 GMT
Content-Type: application/json; charset=utf-8
Transfer-Encoding: chunked
Connection: keep-alive
X-Powered-By: Express
Access-Control-Allow-Origin: *
authorization: Bearer eyJhbGciOiJIUzI1NiIsInR5cCI6IkpXVCJ9.eyJpZCI6IjYzMzVhZmZhYzE2MWRhMDAxYjc2YWFhMCIsImlhdCI6MTY2NDQ2Mjg0MiwiZXhwIjoxNjY0NDY0MDQyfQ._fyylAvmVbN7uHGSF2PPrCdTI9bKeVi9qc9FJrUgMxg
ETag: W/"161-jOlijyTE+vNn/YkG8dxijY1nzpY"
CF-Cache-Status: DYNAMIC
Report-To: {"endpoints":[{"url":"https:\/\/a.nel.cloudflare.com\/report\/v3?s=m7%2FhaShdz7Hv04gNDyphh433SqucpeZbm4hzyC1Hh4uAdOuqzEUcMSVzTF2V8FabqwAxNHHFBshyYsR9FZeuA2tobCym%2BVOWq5k1NZ8xn2NlU1OKSbEnoNiRGFsU8cz%2Bsn7XrQu8wm6k%2BgAgKDhuLL2vrjI%3D"}],"group":"cf-nel","max_age":604800}
NEL: {"success_fraction":0,"report_to":"cf-nel","max_age":604800}
Server: cloudflare
CF-RAY: 7525837daa4259e9-MXP
Content-Encoding: gzip
alt-svc: h3=":443"; ma=86400, h3-29=":443"; ma=86400

{
    "success": true,
    "user": {
        "email": "0@mail.ru",
        "name": "48Mia"
    },
    "accessToken": "Bearer eyJhbGciOiJIUzI1NiIsInR5cCI6IkpXVCJ9.eyJpZCI6IjYzMzVhZmZhYzE2MWRhMDAxYjc2YWFhMCIsImlhdCI6MTY2NDQ2Mjg0MiwiZXhwIjoxNjY0NDY0MDQyfQ._fyylAvmVbN7uHGSF2PPrCdTI9bKeVi9qc9FJrUgMxg",
    "refreshToken": "cd99edf6556d271d2688c0ea0510714d36bf9df1e1a92894672b1ad38d8f1b8ff3bd620940b73605"
}
Request method:	GET
Request URI:	https://stellarburgers.nomoreparties.site/api/ingredients
Proxy:			<none>
Request params:	<none>
Query params:	<none>
Form params:	<none>
Path params:	<none>
Headers:		Accept=application/json, application/javascript, text/javascript, text/json
				Content-Type=application/json
Cookies:		<none>
Multiparts:		<none>
Body:			<none>
HTTP/1.1 200 OK
Date: Thu, 29 Sep 2022 14:47:23 GMT
Content-Type: application/json; charset=utf-8
Transfer-Encoding: chunked
Connection: keep-alive
X-Powered-By: Express
Access-Control-Allow-Origin: *
ETag: W/"1745-LHZ7D8kBZWcbCGljCoPXtjB5CeA"
CF-Cache-Status: DYNAMIC
Report-To: {"endpoints":[{"url":"https:\/\/a.nel.cloudflare.com\/report\/v3?s=ONnICYobTVe5wcHKvtUanUIzXRFMKLoYb%2BhEN07Lv23e4ckIfFEq2stKejwh3IREFSEj1esURkeQzsOB01gkCWCAF0JE91j69dE6c7ShDEZRgJYTTdm3ASaJaiqZIL3o5Ddyr1YknEB1oNH1gtxe8GNDzW0%3D"}],"group":"cf-nel","max_age":604800}
NEL: {"success_fraction":0,"report_to":"cf-nel","max_age":604800}
Server: cloudflare
CF-RAY: 752583806f7dbae8-MXP
Content-Encoding: gzip
alt-svc: h3=":443"; ma=86400, h3-29=":443"; ma=86400

{
    "success": true,
    "data": [
        {
            "_id": "61c0c5a71d1f82001bdaaa6d",
            "name": "Флюоресцентная булка R2-D3",
            "type": "bun",
            "proteins": 44,
            "fat": 26,
            "carbohydrates": 85,
            "calories": 643,
            "price": 988,
            "image": "https://code.s3.yandex.net/react/code/bun-01.png",
            "image_mobile": "https://code.s3.yandex.net/react/code/bun-01-mobile.png",
            "image_large": "https://code.s3.yandex.net/react/code/bun-01-large.png",
            "__v": 0
        },
        {
            "_id": "61c0c5a71d1f82001bdaaa6f",
            "name": "Мясо бессмертных моллюсков Protostomia",
            "type": "main",
            "proteins": 433,
            "fat": 244,
            "carbohydrates": 33,
            "calories": 420,
            "price": 1337,
            "image": "https://code.s3.yandex.net/react/code/meat-02.png",
            "image_mobile": "https://code.s3.yandex.net/react/code/meat-02-mobile.png",
            "image_large": "https://code.s3.yandex.net/react/code/meat-02-large.png",
            "__v": 0
        },
        {
            "_id": "61c0c5a71d1f82001bdaaa70",
            "name": "Говяжий метеорит (отбивная)",
            "type": "main",
            "proteins": 800,
            "fat": 800,
            "carbohydrates": 300,
            "calories": 2674,
            "price": 3000,
            "image": "https://code.s3.yandex.net/react/code/meat-04.png",
            "image_mobile": "https://code.s3.yandex.net/react/code/meat-04-mobile.png",
            "image_large": "https://code.s3.yandex.net/react/code/meat-04-large.png",
            "__v": 0
        },
        {
            "_id": "61c0c5a71d1f82001bdaaa71",
            "name": "Биокотлета из марсианской Магнолии",
            "type": "main",
            "proteins": 420,
            "fat": 142,
            "carbohydrates": 242,
            "calories": 4242,
            "price": 424,
            "image": "https://code.s3.yandex.net/react/code/meat-01.png",
            "image_mobile": "https://code.s3.yandex.net/react/code/meat-01-mobile.png",
            "image_large": "https://code.s3.yandex.net/react/code/meat-01-large.png",
            "__v": 0
        },
        {
            "_id": "61c0c5a71d1f82001bdaaa72",
            "name": "Соус Spicy-X",
            "type": "sauce",
            "proteins": 30,
            "fat": 20,
            "carbohydrates": 40,
            "calories": 30,
            "price": 90,
            "image": "https://code.s3.yandex.net/react/code/sauce-02.png",
            "image_mobile": "https://code.s3.yandex.net/react/code/sauce-02-mobile.png",
            "image_large": "https://code.s3.yandex.net/react/code/sauce-02-large.png",
            "__v": 0
        },
        {
            "_id": "61c0c5a71d1f82001bdaaa6e",
            "name": "Филе Люминесцентного тетраодонтимформа",
            "type": "main",
            "proteins": 44,
            "fat": 26,
            "carbohydrates": 85,
            "calories": 643,
            "price": 988,
            "image": "https://code.s3.yandex.net/react/code/meat-03.png",
            "image_mobile": "https://code.s3.yandex.net/react/code/meat-03-mobile.png",
            "image_large": "https://code.s3.yandex.net/react/code/meat-03-large.png",
            "__v": 0
        },
        {
            "_id": "61c0c5a71d1f82001bdaaa73",
            "name": "Соус фирменный Space Sauce",
            "type": "sauce",
            "proteins": 50,
            "fat": 22,
            "carbohydrates": 11,
            "calories": 14,
            "price": 80,
            "image": "https://code.s3.yandex.net/react/code/sauce-04.png",
            "image_mobile": "https://code.s3.yandex.net/react/code/sauce-04-mobile.png",
            "image_large": "https://code.s3.yandex.net/react/code/sauce-04-large.png",
            "__v": 0
        },
        {
            "_id": "61c0c5a71d1f82001bdaaa74",
            "name": "Соус традиционный галактический",
            "type": "sauce",
            "proteins": 42,
            "fat": 24,
            "carbohydrates": 42,
            "calories": 99,
            "price": 15,
            "image": "https://code.s3.yandex.net/react/code/sauce-03.png",
            "image_mobile": "https://code.s3.yandex.net/react/code/sauce-03-mobile.png",
            "image_large": "https://code.s3.yandex.net/react/code/sauce-03-large.png",
            "__v": 0
        },
        {
            "_id": "61c0c5a71d1f82001bdaaa6c",
            "name": "Краторная булка N-200i",
            "type": "bun",
            "proteins": 80,
            "fat": 24,
            "carbohydrates": 53,
            "calories": 420,
            "price": 1255,
            "image": "https://code.s3.yandex.net/react/code/bun-02.png",
            "image_mobile": "https://code.s3.yandex.net/react/code/bun-02-mobile.png",
            "image_large": "https://code.s3.yandex.net/react/code/bun-02-large.png",
            "__v": 0
        },
        {
            "_id": "61c0c5a71d1f82001bdaaa75",
            "name": "Соус с шипами Антарианского плоскоходца",
            "type": "sauce",
            "proteins": 101,
            "fat": 99,
            "carbohydrates": 100,
            "calories": 100,
            "price": 88,
            "image": "https://code.s3.yandex.net/react/code/sauce-01.png",
            "image_mobile": "https://code.s3.yandex.net/react/code/sauce-01-mobile.png",
            "image_large": "https://code.s3.yandex.net/react/code/sauce-01-large.png",
            "__v": 0
        },
        {
            "_id": "61c0c5a71d1f82001bdaaa76",
            "name": "Хрустящие минеральные кольца",
            "type": "main",
            "proteins": 808,
            "fat": 689,
            "carbohydrates": 609,
            "calories": 986,
            "price": 300,
            "image": "https://code.s3.yandex.net/react/code/mineral_rings.png",
            "image_mobile": "https://code.s3.yandex.net/react/code/mineral_rings-mobile.png",
            "image_large": "https://code.s3.yandex.net/react/code/mineral_rings-large.png",
            "__v": 0
        },
        {
            "_id": "61c0c5a71d1f82001bdaaa77",
            "name": "Плоды Фалленианского дерева",
            "type": "main",
            "proteins": 20,
            "fat": 5,
            "carbohydrates": 55,
            "calories": 77,
            "price": 874,
            "image": "https://code.s3.yandex.net/react/code/sp_1.png",
            "image_mobile": "https://code.s3.yandex.net/react/code/sp_1-mobile.png",
            "image_large": "https://code.s3.yandex.net/react/code/sp_1-large.png",
            "__v": 0
        },
        {
            "_id": "61c0c5a71d1f82001bdaaa78",
            "name": "Кристаллы марсианских альфа-сахаридов",
            "type": "main",
            "proteins": 234,
            "fat": 432,
            "carbohydrates": 111,
            "calories": 189,
            "price": 762,
            "image": "https://code.s3.yandex.net/react/code/core.png",
            "image_mobile": "https://code.s3.yandex.net/react/code/core-mobile.png",
            "image_large": "https://code.s3.yandex.net/react/code/core-large.png",
            "__v": 0
        },
        {
            "_id": "61c0c5a71d1f82001bdaaa79",
            "name": "Мини-салат Экзо-Плантаго",
            "type": "main",
            "proteins": 1,
            "fat": 2,
            "carbohydrates": 3,
            "calories": 6,
            "price": 4400,
            "image": "https://code.s3.yandex.net/react/code/salad.png",
            "image_mobile": "https://code.s3.yandex.net/react/code/salad-mobile.png",
            "image_large": "https://code.s3.yandex.net/react/code/salad-large.png",
            "__v": 0
        },
        {
            "_id": "61c0c5a71d1f82001bdaaa7a",
            "name": "Сыр с астероидной плесенью",
            "type": "main",
            "proteins": 84,
            "fat": 48,
            "carbohydrates": 420,
            "calories": 3377,
            "price": 4142,
            "image": "https://code.s3.yandex.net/react/code/cheese.png",
            "image_mobile": "https://code.s3.yandex.net/react/code/cheese-mobile.png",
            "image_large": "https://code.s3.yandex.net/react/code/cheese-large.png",
            "__v": 0
        }
    ]
}
Request method:	POST
Request URI:	https://stellarburgers.nomoreparties.site/api/orders
Proxy:			<none>
Request params:	<none>
Query params:	<none>
Form params:	<none>
Path params:	<none>
Headers:		Accept=application/json, application/javascript, text/javascript, text/json
				Content-Type=application/json
Cookies:		<none>
Multiparts:		<none>
Body:
{
    "ingredients": [
        "61c0c5a71d1f82001bdaaa6d",
        "61c0c5a71d1f82001bdaaa6f"
    ],
    "name": null,
    "order": null,
    "number": null,
    "success": null,
    "message": null,
    "data": [
        
    ]
}
HTTP/1.1 200 OK
Date: Thu, 29 Sep 2022 14:47:23 GMT
Content-Type: application/json; charset=utf-8
Transfer-Encoding: chunked
Connection: keep-alive
X-Powered-By: Express
Access-Control-Allow-Origin: *
ETag: W/"72-KJj1KuQQUSCX0HzOQL7N/wopgtk"
CF-Cache-Status: DYNAMIC
Report-To: {"endpoints":[{"url":"https:\/\/a.nel.cloudflare.com\/report\/v3?s=mOTFgt6Tn2xkfsTJfLBC%2BPZeXqPc8wDD0%2FKqt9Sc8WuPcAQAc5lyh%2Feq20AFI1v3CGsEcI9V5uEl6WZwPLvlp9%2BOv1t0eFWqPyhOtEIcQ%2BAiWCX%2F4TNjoRb%2Ff17PnJ1x2hDbjsANkSdmsO%2Bk0vE5r5b7wVA%3D"}],"group":"cf-nel","max_age":604800}
NEL: {"success_fraction":0,"report_to":"cf-nel","max_age":604800}
Server: cloudflare
CF-RAY: 752583830bc00e2a-MXP
Content-Encoding: gzip
alt-svc: h3=":443"; ma=86400, h3-29=":443"; ma=86400

{
    "success": true,
    "name": "Флюоресцентный бессмертный бургер",
    "order": {
        "number": 9953
    }
}
Request method:	DELETE
Request URI:	https://stellarburgers.nomoreparties.site/api/auth/user
Proxy:			<none>
Request params:	<none>
Query params:	<none>
Form params:	<none>
Path params:	<none>
Headers:		Authorization=Bearer eyJhbGciOiJIUzI1NiIsInR5cCI6IkpXVCJ9.eyJpZCI6IjYzMzVhZmZhYzE2MWRhMDAxYjc2YWFhMCIsImlhdCI6MTY2NDQ2Mjg0MiwiZXhwIjoxNjY0NDY0MDQyfQ._fyylAvmVbN7uHGSF2PPrCdTI9bKeVi9qc9FJrUgMxg
				Accept=application/json, application/javascript, text/javascript, text/json
				Content-Type=application/json
Cookies:		<none>
Multiparts:		<none>
Body:			<none>
HTTP/1.1 202 Accepted
Date: Thu, 29 Sep 2022 14:47:23 GMT
Content-Type: application/json; charset=utf-8
Content-Length: 54
Connection: keep-alive
X-Powered-By: Express
Access-Control-Allow-Origin: *
ETag: W/"36-hDmZnQ3Ou/ynnqAeC6TYmyseuzY"
CF-Cache-Status: DYNAMIC
Report-To: {"endpoints":[{"url":"https:\/\/a.nel.cloudflare.com\/report\/v3?s=g0%2B%2BR5jTxgS8ffO4gsA%2B%2Fwm1DzFQAIsKE%2BLLAdBpabCi7rnPnyoEe0mm45VRsgDApv89KI4ZAmvkacMtl%2ByPNsAywTTfXyiWDqsvykyaylmrhgjbBpaMsSm1jqhsWb8NzNSCJGuzGRzKgL%2BBqnYVjv29PWM%3D"}],"group":"cf-nel","max_age":604800}
NEL: {"success_fraction":0,"report_to":"cf-nel","max_age":604800}
Server: cloudflare
CF-RAY: 752583856b690e0a-MXP
alt-svc: h3=":443"; ma=86400, h3-29=":443"; ma=86400

{
    "success": true,
    "message": "User successfully removed"
}
]]></system-out>
  </testcase>
  <testcase name="createOrderWithInvalidIngredientTest" classname="site.nomoreparties.stellarburgers.CreateOrderTest" time="2.234"/>
  <testcase name="createOrderWithoutIngredientsTest" classname="site.nomoreparties.stellarburgers.CreateOrderTest" time="3.762"/>
</testsuite>