<?xml version="1.0" encoding="UTF-8"?>
<testsuite xmlns:xsi="http://www.w3.org/2001/XMLSchema-instance" xsi:noNamespaceSchemaLocation="https://maven.apache.org/surefire/maven-surefire-plugin/xsd/surefire-test-report.xsd" name="site.nomoreparties.stellarburgers.CreateUserTest" time="1.629" tests="4" errors="0" skipped="0" failures="0">
  <properties>
[...]
</properties>
  <testcase name="createNotUniqueUserTest" classname="site.nomoreparties.stellarburgers.CreateUserTest" time="0.27"/>
  <testcase name="validCreateUserTest" classname="site.nomoreparties.stellarburgers.CreateUserTest" time="0.764"/>
  <testcase name="createUserWithEmptyPasswordFieldTest" classname="site.nomoreparties.stellarburgers.CreateUserTest" time="0.288"/>
  <testcase name="createUserWithEmptyEmailFieldTest" classname="site.nomoreparties.stellarburgers.CreateUserTest" time="0.302"/>
</testsuite>