<?xml version="1.0" encoding="UTF-8"?>
<testsuite xmlns:xsi="http://www.w3.org/2001/XMLSchema-instance" xsi:noNamespaceSchemaLocation="https://maven.apache.org/surefire/maven-surefire-plugin/xsd/surefire-test-report.xsd" name="site.nomoreparties.stellarburgers.UpdateUserDataWithoutAuthorizationTest" time="4.703" tests="1" errors="0" skipped="0" failures="1">
  <properties>
[...]
</properties>
  <testcase name="updateUserDataWithoutAuthorizationTest" classname="site.nomoreparties.stellarburgers.UpdateUserDataWithoutAuthorizationTest" time="4.521">
    <failure message="1 expectation failed.&#10;Expected status code &lt;401&gt; but was &lt;200&gt;.&#10;" type="java.lang.AssertionError"><![CDATA[java.lang.AssertionError: 
1 expectation failed.
Expected status code <401> but was <200>.

	at site.nomoreparties.stellarburgers.UpdateUserDataWithoutAuthorizationTest.updateUserDataWithoutAuthorizationTest(UpdateUserDataWithoutAuthorizationTest.java:51)
]]></failure>
    <system-out><![CDATA[Request method:	POST
Request URI:	https://stellarburgers.nomoreparties.site/api/auth/register
Proxy:			<none>
Request params:	<none>
Query params:	<none>
Form params:	<none>
Path params:	<none>
Headers:		Accept=application/json, application/javascript, text/javascript, text/json
				Content-Type=application/json
Cookies:		<none>
Multiparts:		<none>
Body:
{
    "email": "56@ya.ru",
    "password": "12345",
    "name": "Anna",
    "success": null,
    "user": null,
    "accessToken": null,
    "refreshToken": null,
    "message": null
}
HTTP/1.1 200 OK
Date: Thu, 29 Sep 2022 14:47:18 GMT
Content-Type: application/json; charset=utf-8
Transfer-Encoding: chunked
Connection: keep-alive
X-Powered-By: Express
Access-Control-Allow-Origin: *
authorization: Bearer eyJhbGciOiJIUzI1NiIsInR5cCI6IkpXVCJ9.eyJpZCI6IjYzMzVhZmY2YzE2MWRhMDAxYjc2YWE5YiIsImlhdCI6MTY2NDQ2MjgzOCwiZXhwIjoxNjY0NDY0MDM4fQ.GYAFuW2Jh2BzmkI7hbNBwXkboBNU2MuigS8cYYK7W98
ETag: W/"15f-FJwJ3poWDyc8je++aq1aBE6OuEE"
CF-Cache-Status: DYNAMIC
Report-To: {"endpoints":[{"url":"https:\/\/a.nel.cloudflare.com\/report\/v3?s=mwV%2F7BSfDfmwOHJbNo2wAMPdWiJKilKcwZ1aA2V3Np5XNVrNO1tjhHGGWdWtbgFSlTE%2F5e%2FUPhHzNEEi9QagoqP291Ho6IBle%2FuMoD0zJq6s4Fok8Uf467pwXAvS8qgtCuElAtmQYLfd2qG3X8SiVdlNq%2BI%3D"}],"group":"cf-nel","max_age":604800}
NEL: {"success_fraction":0,"report_to":"cf-nel","max_age":604800}
Server: cloudflare
CF-RAY: 75258360be513758-MXP
Content-Encoding: gzip
alt-svc: h3=":443"; ma=86400, h3-29=":443"; ma=86400

{
    "success": true,
    "user": {
        "email": "56@ya.ru",
        "name": "Anna"
    },
    "accessToken": "Bearer eyJhbGciOiJIUzI1NiIsInR5cCI6IkpXVCJ9.eyJpZCI6IjYzMzVhZmY2YzE2MWRhMDAxYjc2YWE5YiIsImlhdCI6MTY2NDQ2MjgzOCwiZXhwIjoxNjY0NDY0MDM4fQ.GYAFuW2Jh2BzmkI7hbNBwXkboBNU2MuigS8cYYK7W98",
    "refreshToken": "909fb742289b826eb6cbcaa97bee1fd764a580c213a1fd4e6dbce8e841eae52215ede21e09a3999b"
}
Request method:	GET
Request URI:	https://stellarburgers.nomoreparties.site/api/auth/user
Proxy:			<none>
Request params:	<none>
Query params:	<none>
Form params:	<none>
Path params:	<none>
Headers:		Authorization=Bearer eyJhbGciOiJIUzI1NiIsInR5cCI6IkpXVCJ9.eyJpZCI6IjYzMzVhZmY2YzE2MWRhMDAxYjc2YWE5YiIsImlhdCI6MTY2NDQ2MjgzOCwiZXhwIjoxNjY0NDY0MDM4fQ.GYAFuW2Jh2BzmkI7hbNBwXkboBNU2MuigS8cYYK7W98
				Accept=application/json, application/javascript, text/javascript, text/json
				Content-Type=application/json
Cookies:		<none>
Multiparts:		<none>
Body:			<none>
HTTP/1.1 200 OK
Date: Thu, 29 Sep 2022 14:47:18 GMT
Content-Type: application/json; charset=utf-8
Transfer-Encoding: chunked
Connection: keep-alive
X-Powered-By: Express
Access-Control-Allow-Origin: *
ETag: W/"3a-HtpA77eCXO6yILk2ocLMXZ6EcbY"
CF-Cache-Status: DYNAMIC
Report-To: {"endpoints":[{"url":"https:\/\/a.nel.cloudflare.com\/report\/v3?s=IxpEW4%2BD4BGiOZai%2FHbpB6YRwEduECrhkFDnEFQHfLMwJteXTXywyaATyboOCr167WhJs2A8FV6%2BX9qhxMSdIkNCazeEyTD5zEHJH1%2FJXlcQ4ytDO1OpFWfbce%2BsSL%2FbkXD7Hp3Cp1Irk8QXbUXzH2PnG9I%3D"}],"group":"cf-nel","max_age":604800}
NEL: {"success_fraction":0,"report_to":"cf-nel","max_age":604800}
Server: cloudflare
CF-RAY: 7525836559eb5995-MXP
Content-Encoding: gzip
alt-svc: h3=":443"; ma=86400, h3-29=":443"; ma=86400

{
    "success": true,
    "user": {
        "email": "56@ya.ru",
        "name": "Anna"
    }
}
Request method:	PATCH
Request URI:	https://stellarburgers.nomoreparties.site/api/auth/user
Proxy:			<none>
Request params:	<none>
Query params:	<none>
Form params:	<none>
Path params:	<none>
Headers:		Authorization=Bearer eyJhbGciOiJIUzI1NiIsInR5cCI6IkpXVCJ9.eyJpZCI6IjYzMzVhZmY2YzE2MWRhMDAxYjc2YWE5YiIsImlhdCI6MTY2NDQ2MjgzOCwiZXhwIjoxNjY0NDY0MDM4fQ.GYAFuW2Jh2BzmkI7hbNBwXkboBNU2MuigS8cYYK7W98
				Accept=application/json, application/javascript, text/javascript, text/json
				Content-Type=application/json
Cookies:		<none>
Multiparts:		<none>
Body:
{
    "email": "26356@ya.ru",
    "password": "12345",
    "name": "Anna21",
    "success": null,
    "user": null,
    "accessToken": null,
    "refreshToken": null,
    "message": null
}
HTTP/1.1 200 OK
Date: Thu, 29 Sep 2022 14:47:19 GMT
Content-Type: application/json; charset=utf-8
Transfer-Encoding: chunked
Connection: keep-alive
X-Powered-By: Express
Access-Control-Allow-Origin: *
ETag: W/"3f-m9P2neOnsfTvVIZA4rnf+Y+T+yU"
CF-Cache-Status: DYNAMIC
Report-To: {"endpoints":[{"url":"https:\/\/a.nel.cloudflare.com\/report\/v3?s=bpI7iQTMr0IzqezXZ8qS9r%2FAaNxNGpWqbPy06A4mEQ7VlFnN2E6upyQ2nyXBXoE7IaStUPwcQOjCikrR%2B8uVgMUQfkkuYkK4az%2F23sl5su5c8h3i7nbmiRMOi0bZ657VehHO8gBM0ZsUrJXlhA2x2iEAqyc%3D"}],"group":"cf-nel","max_age":604800}
NEL: {"success_fraction":0,"report_to":"cf-nel","max_age":604800}
Server: cloudflare
CF-RAY: 75258367d8160dfe-MXP
Content-Encoding: gzip
alt-svc: h3=":443"; ma=86400, h3-29=":443"; ma=86400

{
    "success": true,
    "user": {
        "email": "26356@ya.ru",
        "name": "Anna21"
    }
}
Request method:	DELETE
Request URI:	https://stellarburgers.nomoreparties.site/api/auth/user
Proxy:			<none>
Request params:	<none>
Query params:	<none>
Form params:	<none>
Path params:	<none>
Headers:		Authorization=Bearer eyJhbGciOiJIUzI1NiIsInR5cCI6IkpXVCJ9.eyJpZCI6IjYzMzVhZmY2YzE2MWRhMDAxYjc2YWE5YiIsImlhdCI6MTY2NDQ2MjgzOCwiZXhwIjoxNjY0NDY0MDM4fQ.GYAFuW2Jh2BzmkI7hbNBwXkboBNU2MuigS8cYYK7W98
				Accept=application/json, application/javascript, text/javascript, text/json
				Content-Type=application/json
Cookies:		<none>
Multiparts:		<none>
Body:			<none>
HTTP/1.1 202 Accepted
Date: Thu, 29 Sep 2022 14:47:19 GMT
Content-Type: application/json; charset=utf-8
Content-Length: 54
Connection: keep-alive
X-Powered-By: Express
Access-Control-Allow-Origin: *
ETag: W/"36-hDmZnQ3Ou/ynnqAeC6TYmyseuzY"
CF-Cache-Status: DYNAMIC
Report-To: {"endpoints":[{"url":"https:\/\/a.nel.cloudflare.com\/report\/v3?s=kyZ%2F%2Bx%2FWUQNI778X1fma1kAwVN%2Fu3QA6ZigEq%2F%2F9x0Wk2HlXs5J%2Fb0gABjQX3ycSzUFN4QUJerczXeHuTvXNiGzjXzkEvCdPlBp19F6o1axsc4n74JGD49gWYvmfAl4Z2GUb66ck4GaSd18y%2BmGEMvUOmd0%3D"}],"group":"cf-nel","max_age":604800}
NEL: {"success_fraction":0,"report_to":"cf-nel","max_age":604800}
Server: cloudflare
CF-RAY: 7525836b6bb80f52-MXP
alt-svc: h3=":443"; ma=86400, h3-29=":443"; ma=86400

{
    "success": true,
    "message": "User successfully removed"
}
]]></system-out>
    <system-err><![CDATA[SLF4J: Failed to load class "org.slf4j.impl.StaticLoggerBinder".
SLF4J: Defaulting to no-operation (NOP) logger implementation
SLF4J: See http://www.slf4j.org/codes.html#StaticLoggerBinder for further details.
]]></system-err>
  </testcase>
</testsuite>