<?xml version="1.0" encoding="UTF-8"?>
<testsuite xmlns:xsi="http://www.w3.org/2001/XMLSchema-instance" xsi:noNamespaceSchemaLocation="https://maven.apache.org/surefire/maven-surefire-plugin/xsd/surefire-test-report.xsd" name="site.nomoreparties.stellarburgers.UpdateUserDataWithoutAuthorizationTest" time="4.841" tests="1" errors="0" skipped="0" failures="1">
  <properties>
[...]
</properties>
  <testcase name="updateUserDataWithoutAuthorizationTest" classname="site.nomoreparties.stellarburgers.UpdateUserDataWithoutAuthorizationTest" time="4.65">
    <failure message="1 expectation failed.&#10;Expected status code &lt;401&gt; but was &lt;200&gt;.&#10;" type="java.lang.AssertionError"><![CDATA[java.lang.AssertionError: 
1 expectation failed.
Expected status code <401> but was <200>.

	at site.nomoreparties.stellarburgers.UpdateUserDataWithoutAuthorizationTest.updateUserDataWithoutAuthorizationTest(UpdateUserDataWithoutAuthorizationTest.java:50)
]]></failure>
    <system-out><![CDATA[Request method:	POST
Request URI:	https://stellarburgers.nomoreparties.site/api/auth/register
Proxy:			<none>
Request params:	<none>
Query params:	<none>
Form params:	<none>
Path params:	<none>
Headers:		Accept=application/json, application/javascript, text/javascript, text/json
				Content-Type=application/json
Cookies:		<none>
Multiparts:		<none>
Body:
{
    "email": "a361@ya.ru",
    "password": "12345",
    "name": "Anna",
    "success": null,
    "user": null,
    "accessToken": null,
    "refreshToken": null,
    "message": null
}
HTTP/1.1 200 OK
Date: Sun, 25 Sep 2022 12:24:10 GMT
Content-Type: application/json; charset=utf-8
Transfer-Encoding: chunked
Connection: keep-alive
X-Powered-By: Express
Access-Control-Allow-Origin: *
authorization: Bearer eyJhbGciOiJIUzI1NiIsInR5cCI6IkpXVCJ9.eyJpZCI6IjYzMzA0ODZhYzE2MWRhMDAxYjc2OGY2NiIsImlhdCI6MTY2NDEwODY1MCwiZXhwIjoxNjY0MTA5ODUwfQ.5yFThpTMM39VOYIRpQx_QBnOqxPLMMtrL4dj2hY5GEE
ETag: W/"161-kGFIWQ5fsEwtjnhDzITV07qn2uo"
CF-Cache-Status: DYNAMIC
Report-To: {"endpoints":[{"url":"https:\/\/a.nel.cloudflare.com\/report\/v3?s=OoUi1mVSgR8B4lcdRMnS2FZzSbRJaxPb00gVJpizQmOgNyWHix2o%2Bq1bEBRD0pHxSb5ucYOzAjCYRR2SZnU7Vrv2bdEsZ%2Brphy%2Fjrr6NX4WC6Tz%2BxNdYnNkPNrfLYP4bLPrlxb9kxYSEYPJ%2B%2BwRqGnTwQak%3D"}],"group":"cf-nel","max_age":604800}
NEL: {"success_fraction":0,"report_to":"cf-nel","max_age":604800}
Server: cloudflare
CF-RAY: 7503bc361e700f7a-MXP
Content-Encoding: gzip
alt-svc: h3=":443"; ma=86400, h3-29=":443"; ma=86400

{
    "success": true,
    "user": {
        "email": "a361@ya.ru",
        "name": "Anna"
    },
    "accessToken": "Bearer eyJhbGciOiJIUzI1NiIsInR5cCI6IkpXVCJ9.eyJpZCI6IjYzMzA0ODZhYzE2MWRhMDAxYjc2OGY2NiIsImlhdCI6MTY2NDEwODY1MCwiZXhwIjoxNjY0MTA5ODUwfQ.5yFThpTMM39VOYIRpQx_QBnOqxPLMMtrL4dj2hY5GEE",
    "refreshToken": "0ddc457244a8c25b59b49752384dac0ab69efc5112637413d407e9b90ab452e8b9485af5ce47929d"
}
Request method:	GET
Request URI:	https://stellarburgers.nomoreparties.site/api/auth/user
Proxy:			<none>
Request params:	<none>
Query params:	<none>
Form params:	<none>
Path params:	<none>
Headers:		Authorization=Bearer eyJhbGciOiJIUzI1NiIsInR5cCI6IkpXVCJ9.eyJpZCI6IjYzMzA0ODZhYzE2MWRhMDAxYjc2OGY2NiIsImlhdCI6MTY2NDEwODY1MCwiZXhwIjoxNjY0MTA5ODUwfQ.5yFThpTMM39VOYIRpQx_QBnOqxPLMMtrL4dj2hY5GEE
				Accept=application/json, application/javascript, text/javascript, text/json
				Content-Type=application/json
Cookies:		<none>
Multiparts:		<none>
Body:			<none>
HTTP/1.1 200 OK
Date: Sun, 25 Sep 2022 12:24:10 GMT
Content-Type: application/json; charset=utf-8
Transfer-Encoding: chunked
Connection: keep-alive
X-Powered-By: Express
Access-Control-Allow-Origin: *
ETag: W/"3c-ZzLbZTw9sWa/5K1P/oIbcM7ShtQ"
CF-Cache-Status: DYNAMIC
Report-To: {"endpoints":[{"url":"https:\/\/a.nel.cloudflare.com\/report\/v3?s=LiKl2pTduo03ZgaIur%2Fp16WWKTf4EJYhe5tCa948FjDOI8bnG3G3DczUXq5uT2UcpiyKJ0xVzZKvNFkQEB1ZqAQrTL%2FR32gxlb9tuOLhGAWySFOXmNxyR%2FKocJgXGHwrhwi%2BRQD5Ltf%2BL%2BVOytWJIL%2BIMgY%3D"}],"group":"cf-nel","max_age":604800}
NEL: {"success_fraction":0,"report_to":"cf-nel","max_age":604800}
Server: cloudflare
CF-RAY: 7503bc3a1e44bacd-MXP
Content-Encoding: gzip
alt-svc: h3=":443"; ma=86400, h3-29=":443"; ma=86400

{
    "success": true,
    "user": {
        "email": "a361@ya.ru",
        "name": "Anna"
    }
}
Request method:	PATCH
Request URI:	https://stellarburgers.nomoreparties.site/api/auth/user
Proxy:			<none>
Request params:	<none>
Query params:	<none>
Form params:	<none>
Path params:	<none>
Headers:		Authorization=Bearer eyJhbGciOiJIUzI1NiIsInR5cCI6IkpXVCJ9.eyJpZCI6IjYzMzA0ODZhYzE2MWRhMDAxYjc2OGY2NiIsImlhdCI6MTY2NDEwODY1MCwiZXhwIjoxNjY0MTA5ODUwfQ.5yFThpTMM39VOYIRpQx_QBnOqxPLMMtrL4dj2hY5GEE
				Accept=application/json, application/javascript, text/javascript, text/json
				Content-Type=application/json
Cookies:		<none>
Multiparts:		<none>
Body:
{
    "email": "467a361@ya.ru",
    "password": "12345",
    "name": "Anna30",
    "success": null,
    "user": null,
    "accessToken": null,
    "refreshToken": null,
    "message": null
}
HTTP/1.1 200 OK
Date: Sun, 25 Sep 2022 12:24:11 GMT
Content-Type: application/json; charset=utf-8
Transfer-Encoding: chunked
Connection: keep-alive
X-Powered-By: Express
Access-Control-Allow-Origin: *
ETag: W/"41-BD2MaO8VO5rQD9ZQx8QZ64pfZMc"
CF-Cache-Status: DYNAMIC
Report-To: {"endpoints":[{"url":"https:\/\/a.nel.cloudflare.com\/report\/v3?s=gW2YA8CI6%2FJ6gnxvvrX2xpt8XxRqiFbYIptM1YqSklpQTEaJeOh8oNBr%2BXkz8L6AKD5O05fFYOUOKqHhj5a4soSeCaNMBfT0NUc3fx044fXMjMD4mPERSLNHW1fZMpq7Fg6vLR8BTBiorb%2BjbnOTFOrXunY%3D"}],"group":"cf-nel","max_age":604800}
NEL: {"success_fraction":0,"report_to":"cf-nel","max_age":604800}
Server: cloudflare
CF-RAY: 7503bc3c5c5d375b-MXP
Content-Encoding: gzip
alt-svc: h3=":443"; ma=86400, h3-29=":443"; ma=86400

{
    "success": true,
    "user": {
        "email": "467a361@ya.ru",
        "name": "Anna30"
    }
}
Request method:	DELETE
Request URI:	https://stellarburgers.nomoreparties.site/api/auth/user
Proxy:			<none>
Request params:	<none>
Query params:	<none>
Form params:	<none>
Path params:	<none>
Headers:		Authorization=Bearer eyJhbGciOiJIUzI1NiIsInR5cCI6IkpXVCJ9.eyJpZCI6IjYzMzA0ODZhYzE2MWRhMDAxYjc2OGY2NiIsImlhdCI6MTY2NDEwODY1MCwiZXhwIjoxNjY0MTA5ODUwfQ.5yFThpTMM39VOYIRpQx_QBnOqxPLMMtrL4dj2hY5GEE
				Accept=application/json, application/javascript, text/javascript, text/json
				Content-Type=application/json
Cookies:		<none>
Multiparts:		<none>
Body:			<none>
HTTP/1.1 202 Accepted
Date: Sun, 25 Sep 2022 12:24:11 GMT
Content-Type: application/json; charset=utf-8
Content-Length: 54
Connection: keep-alive
X-Powered-By: Express
Access-Control-Allow-Origin: *
ETag: W/"36-hDmZnQ3Ou/ynnqAeC6TYmyseuzY"
CF-Cache-Status: DYNAMIC
Report-To: {"endpoints":[{"url":"https:\/\/a.nel.cloudflare.com\/report\/v3?s=o6lZmms7izSJTXVgyuZs%2FQUZImFCUcZrNyLq2RiXBcXCYP5YopF2mf%2B0c1g0LLDB18DJC%2F%2B2%2BbNMB0PBHmqu%2FiXFCk3SGnQITgRr11ozKTvXqeZi0JJp5jeN45oUqdsi7R%2FDEI3SkXWh6RhpttJdW0ey%2Fkc%3D"}],"group":"cf-nel","max_age":604800}
NEL: {"success_fraction":0,"report_to":"cf-nel","max_age":604800}
Server: cloudflare
CF-RAY: 7503bc3fbe3459ef-MXP
alt-svc: h3=":443"; ma=86400, h3-29=":443"; ma=86400

{
    "success": true,
    "message": "User successfully removed"
}
]]></system-out>
    <system-err><![CDATA[SLF4J: Failed to load class "org.slf4j.impl.StaticLoggerBinder".
SLF4J: Defaulting to no-operation (NOP) logger implementation
SLF4J: See http://www.slf4j.org/codes.html#StaticLoggerBinder for further details.
]]></system-err>
  </testcase>
</testsuite>