<?xml version="1.0" encoding="UTF-8"?>
<testsuite xmlns:xsi="http://www.w3.org/2001/XMLSchema-instance" xsi:noNamespaceSchemaLocation="https://maven.apache.org/surefire/maven-surefire-plugin/xsd/surefire-test-report.xsd" name="site.nomoreparties.stellarburgers.UpdateUserDataAfterAuthorizationTest" time="6.866" tests="4" errors="0" skipped="0" failures="1">
  <properties>
[...]
</properties>
  <testcase name="updateEmailOfUserTest" classname="site.nomoreparties.stellarburgers.UpdateUserDataAfterAuthorizationTest" time="1.786"/>
  <testcase name="updateEmailOfUserWithInvalidDataTest" classname="site.nomoreparties.stellarburgers.UpdateUserDataAfterAuthorizationTest" time="1.634">
    <failure message="1 expectation failed.&#10;Expected status code &lt;403&gt; but was &lt;200&gt;.&#10;" type="java.lang.AssertionError"><![CDATA[java.lang.AssertionError: 
1 expectation failed.
Expected status code <403> but was <200>.

	at site.nomoreparties.stellarburgers.UpdateUserDataAfterAuthorizationTest.updateEmailOfUserWithInvalidDataTest(UpdateUserDataAfterAuthorizationTest.java:107)
]]></failure>
    <system-out><![CDATA[Request method:	POST
Request URI:	https://stellarburgers.nomoreparties.site/api/auth/register
Proxy:			<none>
Request params:	<none>
Query params:	<none>
Form params:	<none>
Path params:	<none>
Headers:		Accept=application/json, application/javascript, text/javascript, text/json
				Content-Type=application/json
Cookies:		<none>
Multiparts:		<none>
Body:
{
    "email": "a31@ya.ru",
    "password": "12345",
    "name": "Anna",
    "success": null,
    "user": null,
    "accessToken": null,
    "refreshToken": null,
    "message": null
}
HTTP/1.1 403 Forbidden
Date: Sun, 25 Sep 2022 12:24:21 GMT
Content-Type: application/json; charset=utf-8
Transfer-Encoding: chunked
Connection: keep-alive
X-Powered-By: Express
Access-Control-Allow-Origin: *
ETag: W/"31-WKEMg8zALB1Ko0WjUHi/6RBGHVc"
CF-Cache-Status: DYNAMIC
Report-To: {"endpoints":[{"url":"https:\/\/a.nel.cloudflare.com\/report\/v3?s=isiJ008Dmy8xJPkkmybTnvGqoVsan%2BjghnqeHaEksK4piFvtPAT1b4GnQZM8mTe%2B%2F%2B9QXRQJcH3lp6m%2Bcqi%2FGFQ6EvGZwKst6a8mriLymq2W%2FtMl3eLpfLZqnARhDsyTOug7QB%2B2fz0M73D%2B9QlhqLJLg88%3D"}],"group":"cf-nel","max_age":604800}
NEL: {"success_fraction":0,"report_to":"cf-nel","max_age":604800}
Server: cloudflare
CF-RAY: 7503bc7beff4baca-MXP
Content-Encoding: gzip
alt-svc: h3=":443"; ma=86400, h3-29=":443"; ma=86400

{
    "success": false,
    "message": "User already exists"
}
Request method:	POST
Request URI:	https://stellarburgers.nomoreparties.site/api/auth/login
Proxy:			<none>
Request params:	<none>
Query params:	<none>
Form params:	<none>
Path params:	<none>
Headers:		Accept=application/json, application/javascript, text/javascript, text/json
				Content-Type=application/json
Cookies:		<none>
Multiparts:		<none>
Body:
{
    "email": "a31@ya.ru",
    "password": "12345",
    "name": "Anna",
    "success": null,
    "user": null,
    "accessToken": null,
    "refreshToken": null,
    "message": null
}
HTTP/1.1 200 OK
Date: Sun, 25 Sep 2022 12:24:21 GMT
Content-Type: application/json; charset=utf-8
Transfer-Encoding: chunked
Connection: keep-alive
X-Powered-By: Express
Access-Control-Allow-Origin: *
ETag: W/"162-nPVOkzGv5+/fDnmtxJ2Vbg+fzeU"
CF-Cache-Status: DYNAMIC
Report-To: {"endpoints":[{"url":"https:\/\/a.nel.cloudflare.com\/report\/v3?s=9UNKQnLQeXn1hAr0gjpDv3hoNn8b0w%2FVMob01QL3l9OAUA4DO5YeZ57U68CyUuYj4Mnto5D1fbauT%2FuZ799sy3eDhpKUpNY59xwQ0o4Sf%2F5HqotCM62QvXtvwk3qLidOgtPSStTjZ6Hh7s5Ck3zcxDdPRLk%3D"}],"group":"cf-nel","max_age":604800}
NEL: {"success_fraction":0,"report_to":"cf-nel","max_age":604800}
Server: cloudflare
CF-RAY: 7503bc7dbefb83ac-MXP
Content-Encoding: gzip
alt-svc: h3=":443"; ma=86400, h3-29=":443"; ma=86400

{
    "success": true,
    "accessToken": "Bearer eyJhbGciOiJIUzI1NiIsInR5cCI6IkpXVCJ9.eyJpZCI6IjYzMmVlOTA1YzE2MWRhMDAxYjc2ODFhYSIsImlhdCI6MTY2NDEwODY2MSwiZXhwIjoxNjY0MTA5ODYxfQ.AzrSSN5sSf2lYH8QchlSvcYYdoWvbf7PMRhfqtgteIQ",
    "refreshToken": "2454c1eeee4c1bb8488d8a843e375195827ab315867501f04cc903afe38d49bef07e90cbb05ad7a9",
    "user": {
        "email": "a31@ya.ru",
        "name": "Anna29"
    }
}
Request method:	GET
Request URI:	https://stellarburgers.nomoreparties.site/api/auth/user
Proxy:			<none>
Request params:	<none>
Query params:	<none>
Form params:	<none>
Path params:	<none>
Headers:		Authorization=Bearer eyJhbGciOiJIUzI1NiIsInR5cCI6IkpXVCJ9.eyJpZCI6IjYzMmVlOTA1YzE2MWRhMDAxYjc2ODFhYSIsImlhdCI6MTY2NDEwODY2MSwiZXhwIjoxNjY0MTA5ODYxfQ.AzrSSN5sSf2lYH8QchlSvcYYdoWvbf7PMRhfqtgteIQ
				Accept=application/json, application/javascript, text/javascript, text/json
				Content-Type=application/json
Cookies:		<none>
Multiparts:		<none>
Body:			<none>
HTTP/1.1 200 OK
Date: Sun, 25 Sep 2022 12:24:21 GMT
Content-Type: application/json; charset=utf-8
Transfer-Encoding: chunked
Connection: keep-alive
X-Powered-By: Express
Access-Control-Allow-Origin: *
ETag: W/"3d-pT1dOazr6XB7Qmeyrq5EuDCCL9I"
CF-Cache-Status: DYNAMIC
Report-To: {"endpoints":[{"url":"https:\/\/a.nel.cloudflare.com\/report\/v3?s=tMRQa5AvVsB7qMB55D6bkdmH3i9nRzSjGkRnnmEVy7LKCaydQys6bN6W5oSvzeWc%2FgWVD1VvRGKDJNk8z8GHpIap8z6yLFmzR9p6LphYy2X9pSFm7ocZE9QdEWHX%2FlLHDNT9K5%2Bhr11CGnlB8UwHMkbFrHM%3D"}],"group":"cf-nel","max_age":604800}
NEL: {"success_fraction":0,"report_to":"cf-nel","max_age":604800}
Server: cloudflare
CF-RAY: 7503bc7fd9970f82-MXP
Content-Encoding: gzip
alt-svc: h3=":443"; ma=86400, h3-29=":443"; ma=86400

{
    "success": true,
    "user": {
        "email": "a31@ya.ru",
        "name": "Anna29"
    }
}
Request method:	PATCH
Request URI:	https://stellarburgers.nomoreparties.site/api/auth/user
Proxy:			<none>
Request params:	<none>
Query params:	<none>
Form params:	<none>
Path params:	<none>
Headers:		Authorization=Bearer eyJhbGciOiJIUzI1NiIsInR5cCI6IkpXVCJ9.eyJpZCI6IjYzMmVlOTA1YzE2MWRhMDAxYjc2ODFhYSIsImlhdCI6MTY2NDEwODY2MSwiZXhwIjoxNjY0MTA5ODYxfQ.AzrSSN5sSf2lYH8QchlSvcYYdoWvbf7PMRhfqtgteIQ
				Accept=application/json, application/javascript, text/javascript, text/json
				Content-Type=application/json
Cookies:		<none>
Multiparts:		<none>
Body:
{
    "email": "a31@ya.ru",
    "password": "12345",
    "name": "Anna29",
    "success": null,
    "user": null,
    "accessToken": null,
    "refreshToken": null,
    "message": null
}
HTTP/1.1 200 OK
Date: Sun, 25 Sep 2022 12:24:22 GMT
Content-Type: application/json; charset=utf-8
Transfer-Encoding: chunked
Connection: keep-alive
X-Powered-By: Express
Access-Control-Allow-Origin: *
ETag: W/"3d-pT1dOazr6XB7Qmeyrq5EuDCCL9I"
CF-Cache-Status: DYNAMIC
Report-To: {"endpoints":[{"url":"https:\/\/a.nel.cloudflare.com\/report\/v3?s=e0lhKJDfYiABjuUiZ1U6hvovQXMeapSOZoJzShd9sD2Er%2F%2BEPj3ZMTt3RVBC0E0elrB6IcFDS8WKRMf6PcYuKY0xl6l0v9n2G9F71bWB%2FWw8nmrKXvdRou9jwo0EfYnY3J%2Fg75unEdcRR5ZYuPRQeJyIuSA%3D"}],"group":"cf-nel","max_age":604800}
NEL: {"success_fraction":0,"report_to":"cf-nel","max_age":604800}
Server: cloudflare
CF-RAY: 7503bc819c6759e9-MXP
Content-Encoding: gzip
alt-svc: h3=":443"; ma=86400, h3-29=":443"; ma=86400

{
    "success": true,
    "user": {
        "email": "a31@ya.ru",
        "name": "Anna29"
    }
}
Request method:	DELETE
Request URI:	https://stellarburgers.nomoreparties.site/api/auth/user
Proxy:			<none>
Request params:	<none>
Query params:	<none>
Form params:	<none>
Path params:	<none>
Headers:		Authorization=Bearer eyJhbGciOiJIUzI1NiIsInR5cCI6IkpXVCJ9.eyJpZCI6IjYzMmVlOTA1YzE2MWRhMDAxYjc2ODFhYSIsImlhdCI6MTY2NDEwODY2MSwiZXhwIjoxNjY0MTA5ODYxfQ.AzrSSN5sSf2lYH8QchlSvcYYdoWvbf7PMRhfqtgteIQ
				Accept=application/json, application/javascript, text/javascript, text/json
				Content-Type=application/json
Cookies:		<none>
Multiparts:		<none>
Body:			<none>
HTTP/1.1 202 Accepted
Date: Sun, 25 Sep 2022 12:24:22 GMT
Content-Type: application/json; charset=utf-8
Content-Length: 54
Connection: keep-alive
X-Powered-By: Express
Access-Control-Allow-Origin: *
ETag: W/"36-hDmZnQ3Ou/ynnqAeC6TYmyseuzY"
CF-Cache-Status: DYNAMIC
Report-To: {"endpoints":[{"url":"https:\/\/a.nel.cloudflare.com\/report\/v3?s=FcT8j3%2FR%2B33khsRjpoukgkBMVt4g5T9cQ11AR9ga6p%2FSDlvjejWX%2FgPUNJvWWKX3bTvEyoiAYeth6AZFzWKFJCsLBd0wH39PzOiPtzeKW4Hmk%2BfmzgLjhrxhyGiHS1nOMOG2TKRUyQI67Fy9Wn2X81c3VZU%3D"}],"group":"cf-nel","max_age":604800}
NEL: {"success_fraction":0,"report_to":"cf-nel","max_age":604800}
Server: cloudflare
CF-RAY: 7503bc83e8a1baa0-MXP
alt-svc: h3=":443"; ma=86400, h3-29=":443"; ma=86400

{
    "success": true,
    "message": "User successfully removed"
}
]]></system-out>
  </testcase>
  <testcase name="updateEmailAndNameOfUserTest" classname="site.nomoreparties.stellarburgers.UpdateUserDataAfterAuthorizationTest" time="1.743"/>
  <testcase name="updateNameOfUserTest" classname="site.nomoreparties.stellarburgers.UpdateUserDataAfterAuthorizationTest" time="1.701"/>
</testsuite>